
PL/SQL procedure successfully completed.

Elapsed: 00:00:00.22
old  12: '&1' AS PERIODO,
new  12: '20181' AS PERIODO,
old  21: AND B.MES='&1')
new  21: AND B.MES='20181')

Table created.

Elapsed: 00:00:00.60
old   1: DELETE FROM DWM.DW_SPSS2_PUNTOVENTA WHERE PERIODO='&1'
new   1: DELETE FROM DWM.DW_SPSS2_PUNTOVENTA WHERE PERIODO='20181'

0 rows deleted.

Elapsed: 00:00:00.35

Commit complete.

Elapsed: 00:00:00.00

0 rows created.

Elapsed: 00:00:00.02

Commit complete.

Elapsed: 00:00:00.00

Table dropped.

Elapsed: 00:00:00.12
