
PL/SQL procedure successfully completed.

Elapsed: 00:00:00.22
old  15: WHERE A.MES = '&1'
new  15: WHERE A.MES = '20181'

Table created.

Elapsed: 00:00:00.57
old  23: AND aa.MES = '&1'
new  23: AND aa.MES = '20181'
old  28: WHERE a.MES = '&1'
new  28: WHERE a.MES = '20181'

Table created.

Elapsed: 00:00:30.38
old  14: WHERE A.MES = '&1'
new  14: WHERE A.MES = '20181'

Table created.

Elapsed: 00:00:00.16
old  18: WHERE A.MES = '&1'
new  18: WHERE A.MES = '20181'

Table created.

Elapsed: 00:00:01.99

Table created.

Elapsed: 00:00:00.07

Table created.

Elapsed: 00:00:00.05

Table created.

Elapsed: 00:00:00.07

Table created.

Elapsed: 00:00:00.05

Table created.

Elapsed: 00:00:00.08

Table created.

Elapsed: 00:00:00.06
old   1: DELETE FROM DWM.DW_SPSS2_VF2_009_FI_17 WHERE MES='&1'
new   1: DELETE FROM DWM.DW_SPSS2_VF2_009_FI_17 WHERE MES='20181'

0 rows deleted.

Elapsed: 00:00:00.84

Commit complete.

Elapsed: 00:00:00.00

0 rows created.

Elapsed: 00:00:00.03

Commit complete.

Elapsed: 00:00:00.00

Table dropped.

Elapsed: 00:00:00.08

Table dropped.

Elapsed: 00:00:00.07

Table dropped.

Elapsed: 00:00:00.08

Table dropped.

Elapsed: 00:00:00.07

Table dropped.

Elapsed: 00:00:00.08

Table dropped.

Elapsed: 00:00:00.07

Table dropped.

Elapsed: 00:00:00.08

Table dropped.

Elapsed: 00:00:00.07

Table dropped.

Elapsed: 00:00:00.07

Table dropped.

Elapsed: 00:00:00.08
