
PL/SQL procedure successfully completed.

Elapsed: 00:00:00.02

Session altered.

Elapsed: 00:00:00.00
old   6: WHEN TO_CHAR(R.CREATED_DATE, 'YYYYMM') = '&1' THEN
new   6: WHEN TO_CHAR(R.CREATED_DATE, 'YYYYMM') = '201810' THEN
old  14: SELECT '&1' ANALISIS,
new  14: SELECT '201810' ANALISIS,
old  20: TO_DATE(TO_CHAR(LAST_DAY(TO_DATE('&1','YYYYMM')),'YYYYMMDD')||' 11:59:59 PM' , 'YYYYMMDD HH:MI:SS AM') FIN
new  20: TO_DATE(TO_CHAR(LAST_DAY(TO_DATE('201810','YYYYMM')),'YYYYMMDD')||' 11:59:59 PM' , 'YYYYMMDD HH:MI:SS AM') FIN
old  22: WHERE TO_CHAR(P.CREATED_DATE, 'YYYYMM') BETWEEN '201605' AND '&1'
new  22: WHERE TO_CHAR(P.CREATED_DATE, 'YYYYMM') BETWEEN '201605' AND '201810'
old  27: TO_CHAR(P.CLOSED_DATE, 'YYYYMMDD') > '&1'||'01')
new  27: TO_CHAR(P.CLOSED_DATE, 'YYYYMMDD') > '201810'||'01')
old  28: AND TO_CHAR(P.CREATED_DATE, 'YYYYMMDD') < TO_CHAR(LAST_DAY(TO_DATE('&1','YYYYMM'))+1,'YYYYMMDD')
new  28: AND TO_CHAR(P.CREATED_DATE, 'YYYYMMDD') < TO_CHAR(LAST_DAY(TO_DATE('201810','YYYYMM'))+1,'YYYYMMDD')

Table created.

Elapsed: 00:00:17.18

1158608 rows created.

Elapsed: 00:00:03.50

Commit complete.

Elapsed: 00:00:00.00

Table dropped.

Elapsed: 00:00:00.17
