
PL/SQL procedure successfully completed.

Elapsed: 00:00:00.20
old   6: WHERE TO_CHAR(FECHA_REGISTRO, 'YYYYMM') = '&1'
new   6: WHERE TO_CHAR(FECHA_REGISTRO, 'YYYYMM') = '20181'
old   8: where a.msisdn=b.msisdn and TO_DATE(a.fch_activacion,'DD/MM/YYYY')=trunc(b.fec_activacion) AND A.MES = '&1' )
new   8: where a.msisdn=b.msisdn and TO_DATE(a.fch_activacion,'DD/MM/YYYY')=trunc(b.fec_activacion) AND A.MES = '20181' )

Table created.

Elapsed: 00:00:00.92
old   1: DELETE FROM DWM.DW_SPSS2_BLACKLIST_VF2_135_136 WHERE PERIODO='&1'
new   1: DELETE FROM DWM.DW_SPSS2_BLACKLIST_VF2_135_136 WHERE PERIODO='20181'

0 rows deleted.

Elapsed: 00:00:00.28

Commit complete.

Elapsed: 00:00:00.00

0 rows created.

Elapsed: 00:00:00.02

Commit complete.

Elapsed: 00:00:00.00

Table dropped.

Elapsed: 00:00:00.08
